[2018-07-18 14:34:54.551] [sharedprocess] [info] main {"machineId":"81c31a2395bd696a779dd4710bd331809713a0678731e7a68c140d677d905065"}
[2018-07-18 14:34:54.621] [sharedprocess] [info] Scanned user extensions: 5
[2018-07-18 14:34:54.677] [sharedprocess] [info] Scanned user extensions: 5
[2018-07-18 14:34:54.692] [sharedprocess] [info] Scanned user extensions: 5
[2018-07-18 14:34:54.702] [sharedprocess] [info] Scanned user extensions: 5
[2018-07-18 14:34:55.423] [sharedprocess] [info] Deleted from disk ms-ceintl.vscode-language-pack-pt-br-1.24.3
[2018-07-18 14:34:55.591] [sharedprocess] [info] Deleted from disk eamodio.gitlens-8.4.1
[2018-07-18 14:34:55.595] [sharedprocess] [info] Scanned system extensions: 70
[2018-07-18 14:34:55.610] [sharedprocess] [info] Scanned system extensions: 70
[2018-07-18 14:34:55.616] [sharedprocess] [info] Scanned system extensions: 70
[2018-07-18 14:34:55.622] [sharedprocess] [info] Deleted from disk donjayamanne.githistory-0.4.1
[2018-07-18 14:34:56.618] [sharedprocess] [info] Scanned user extensions: 5
[2018-07-18 14:34:56.629] [sharedprocess] [info] Scanned user extensions: 5
[2018-07-18 14:35:34.559] [sharedprocess] [info] Starting to clean up unused language packs.
[2018-07-18 14:39:56.663] [sharedprocess] [info] Scanned user extensions: 5
[2018-07-18 14:44:56.695] [sharedprocess] [info] Scanned user extensions: 5
[2018-07-18 14:49:56.721] [sharedprocess] [info] Scanned user extensions: 5
[2018-07-18 14:54:56.751] [sharedprocess] [info] Scanned user extensions: 5
[2018-07-18 14:59:56.777] [sharedprocess] [info] Scanned user extensions: 5
[2018-07-18 15:04:56.811] [sharedprocess] [info] Scanned user extensions: 5
[2018-07-18 15:09:56.841] [sharedprocess] [info] Scanned user extensions: 5
[2018-07-18 15:14:56.874] [sharedprocess] [info] Scanned user extensions: 5
[2018-07-18 15:19:56.907] [sharedprocess] [info] Scanned user extensions: 5
[2018-07-18 15:24:56.935] [sharedprocess] [info] Scanned user extensions: 5
[2018-07-18 15:29:56.964] [sharedprocess] [info] Scanned user extensions: 5
[2018-07-18 15:34:57.050] [sharedprocess] [info] Scanned user extensions: 5
[2018-07-18 15:39:57.077] [sharedprocess] [info] Scanned user extensions: 5
[2018-07-18 15:44:57.102] [sharedprocess] [info] Scanned user extensions: 5
[2018-07-18 15:49:57.129] [sharedprocess] [info] Scanned user extensions: 5
[2018-07-18 15:54:57.161] [sharedprocess] [info] Scanned user extensions: 5
[2018-07-18 15:59:57.191] [sharedprocess] [info] Scanned user extensions: 5
[2018-07-18 16:04:57.220] [sharedprocess] [info] Scanned user extensions: 5
[2018-07-18 16:09:57.250] [sharedprocess] [info] Scanned user extensions: 5
[2018-07-18 16:14:57.287] [sharedprocess] [info] Scanned user extensions: 5
[2018-07-18 16:19:57.321] [sharedprocess] [info] Scanned user extensions: 5
[2018-07-18 16:24:57.349] [sharedprocess] [info] Scanned user extensions: 5
[2018-07-18 16:29:57.376] [sharedprocess] [info] Scanned user extensions: 5
[2018-07-18 16:34:57.473] [sharedprocess] [info] Scanned user extensions: 5
[2018-07-18 16:39:57.504] [sharedprocess] [info] Scanned user extensions: 5
[2018-07-18 16:44:57.530] [sharedprocess] [info] Scanned user extensions: 5
[2018-07-18 16:49:57.559] [sharedprocess] [info] Scanned user extensions: 5
[2018-07-18 16:54:57.594] [sharedprocess] [info] Scanned user extensions: 5
[2018-07-18 16:59:57.618] [sharedprocess] [info] Scanned user extensions: 5
[2018-07-18 17:04:57.643] [sharedprocess] [info] Scanned user extensions: 5
[2018-07-18 17:09:57.683] [sharedprocess] [info] Scanned user extensions: 5
[2018-07-18 17:14:57.711] [sharedprocess] [info] Scanned user extensions: 5
[2018-07-18 17:19:57.740] [sharedprocess] [info] Scanned user extensions: 5
[2018-07-18 17:24:57.766] [sharedprocess] [info] Scanned user extensions: 5
[2018-07-18 17:29:57.794] [sharedprocess] [info] Scanned user extensions: 5
[2018-07-18 17:34:57.873] [sharedprocess] [info] Scanned user extensions: 5
[2018-07-18 17:39:57.898] [sharedprocess] [info] Scanned user extensions: 5
[2018-07-18 17:44:57.925] [sharedprocess] [info] Scanned user extensions: 5
[2018-07-18 17:49:57.949] [sharedprocess] [info] Scanned user extensions: 5
[2018-07-18 17:54:57.977] [sharedprocess] [info] Scanned user extensions: 5
[2018-07-18 17:59:58.008] [sharedprocess] [info] Scanned user extensions: 5
[2018-07-18 18:04:58.038] [sharedprocess] [info] Scanned user extensions: 5
[2018-07-18 18:09:58.072] [sharedprocess] [info] Scanned user extensions: 5
[2018-07-18 18:14:58.098] [sharedprocess] [info] Scanned user extensions: 5
[2018-07-18 18:19:58.125] [sharedprocess] [info] Scanned user extensions: 5
[2018-07-18 18:24:58.152] [sharedprocess] [info] Scanned user extensions: 5
[2018-07-18 18:29:58.185] [sharedprocess] [info] Scanned user extensions: 5
[2018-07-18 18:34:58.308] [sharedprocess] [info] Scanned user extensions: 5
[2018-07-18 18:39:58.333] [sharedprocess] [info] Scanned user extensions: 5
[2018-07-18 18:44:58.365] [sharedprocess] [info] Scanned user extensions: 5
[2018-07-18 18:49:58.392] [sharedprocess] [info] Scanned user extensions: 5
[2018-07-18 18:54:58.417] [sharedprocess] [info] Scanned user extensions: 5
[2018-07-18 18:59:58.444] [sharedprocess] [info] Scanned user extensions: 5
[2018-07-18 19:04:58.472] [sharedprocess] [info] Scanned user extensions: 5
[2018-07-18 19:09:58.503] [sharedprocess] [info] Scanned user extensions: 5
[2018-07-18 19:14:58.528] [sharedprocess] [info] Scanned user extensions: 5
[2018-07-18 19:19:58.558] [sharedprocess] [info] Scanned user extensions: 5
[2018-07-18 19:24:58.579] [sharedprocess] [info] Scanned user extensions: 5
[2018-07-18 19:29:58.608] [sharedprocess] [info] Scanned user extensions: 5
[2018-07-18 19:34:58.697] [sharedprocess] [info] Scanned user extensions: 5
[2018-07-18 19:39:58.724] [sharedprocess] [info] Scanned user extensions: 5
[2018-07-18 19:44:58.751] [sharedprocess] [info] Scanned user extensions: 5
[2018-07-18 19:49:58.779] [sharedprocess] [info] Scanned user extensions: 5
[2018-07-18 19:54:58.805] [sharedprocess] [info] Scanned user extensions: 5
[2018-07-18 19:59:58.838] [sharedprocess] [info] Scanned user extensions: 5
[2018-07-18 20:04:58.863] [sharedprocess] [info] Scanned user extensions: 5
[2018-07-18 20:09:58.893] [sharedprocess] [info] Scanned user extensions: 5
[2018-07-18 20:14:58.920] [sharedprocess] [info] Scanned user extensions: 5
[2018-07-18 20:19:58.950] [sharedprocess] [info] Scanned user extensions: 5
[2018-07-18 20:24:58.977] [sharedprocess] [info] Scanned user extensions: 5
[2018-07-18 20:29:59.006] [sharedprocess] [info] Scanned user extensions: 5
[2018-07-18 20:34:59.085] [sharedprocess] [info] Scanned user extensions: 5
[2018-07-18 20:39:59.108] [sharedprocess] [info] Scanned user extensions: 5
[2018-07-18 20:44:59.131] [sharedprocess] [info] Scanned user extensions: 5
[2018-07-18 20:49:59.157] [sharedprocess] [info] Scanned user extensions: 5
[2018-07-18 20:54:59.184] [sharedprocess] [info] Scanned user extensions: 5
[2018-07-18 20:59:59.211] [sharedprocess] [info] Scanned user extensions: 5
[2018-07-18 21:04:59.237] [sharedprocess] [info] Scanned user extensions: 5
[2018-07-18 21:09:59.265] [sharedprocess] [info] Scanned user extensions: 5
[2018-07-18 21:14:59.292] [sharedprocess] [info] Scanned user extensions: 5
[2018-07-18 21:19:59.315] [sharedprocess] [info] Scanned user extensions: 5
[2018-07-18 21:24:59.343] [sharedprocess] [info] Scanned user extensions: 5
[2018-07-18 21:29:59.368] [sharedprocess] [info] Scanned user extensions: 5
[2018-07-18 21:34:59.460] [sharedprocess] [info] Scanned user extensions: 5
[2018-07-18 21:39:59.480] [sharedprocess] [info] Scanned user extensions: 5
[2018-07-18 21:44:59.504] [sharedprocess] [info] Scanned user extensions: 5
[2018-07-18 21:49:59.536] [sharedprocess] [info] Scanned user extensions: 5
[2018-07-18 21:54:59.563] [sharedprocess] [info] Scanned user extensions: 5
[2018-07-18 21:59:59.591] [sharedprocess] [info] Scanned user extensions: 5
[2018-07-18 22:04:59.624] [sharedprocess] [info] Scanned user extensions: 5
[2018-07-18 22:09:59.650] [sharedprocess] [info] Scanned user extensions: 5
[2018-07-18 22:14:59.676] [sharedprocess] [info] Scanned user extensions: 5
[2018-07-18 22:19:59.698] [sharedprocess] [info] Scanned user extensions: 5
[2018-07-18 22:24:59.730] [sharedprocess] [info] Scanned user extensions: 5
[2018-07-18 22:29:59.756] [sharedprocess] [info] Scanned user extensions: 5
[2018-07-18 22:34:59.842] [sharedprocess] [info] Scanned user extensions: 5
[2018-07-18 22:39:59.864] [sharedprocess] [info] Scanned user extensions: 5
[2018-07-18 22:44:59.888] [sharedprocess] [info] Scanned user extensions: 5
[2018-07-18 22:49:59.916] [sharedprocess] [info] Scanned user extensions: 5
[2018-07-18 22:54:59.940] [sharedprocess] [info] Scanned user extensions: 5
[2018-07-18 22:59:59.968] [sharedprocess] [info] Scanned user extensions: 5
[2018-07-18 23:04:59.994] [sharedprocess] [info] Scanned user extensions: 5
[2018-07-18 23:10:00.021] [sharedprocess] [info] Scanned user extensions: 5
[2018-07-18 23:15:00.048] [sharedprocess] [info] Scanned user extensions: 5
[2018-07-18 23:20:00.075] [sharedprocess] [info] Scanned user extensions: 5
[2018-07-18 23:25:00.104] [sharedprocess] [info] Scanned user extensions: 5
[2018-07-18 23:30:00.133] [sharedprocess] [info] Scanned user extensions: 5
[2018-07-18 23:35:00.220] [sharedprocess] [info] Scanned user extensions: 5
[2018-07-18 23:40:00.247] [sharedprocess] [info] Scanned user extensions: 5
[2018-07-18 23:45:00.279] [sharedprocess] [info] Scanned user extensions: 5
[2018-07-18 23:50:00.306] [sharedprocess] [info] Scanned user extensions: 5
[2018-07-18 23:55:00.331] [sharedprocess] [info] Scanned user extensions: 5
[2018-07-19 00:00:00.367] [sharedprocess] [info] Scanned user extensions: 5
[2018-07-19 00:05:00.392] [sharedprocess] [info] Scanned user extensions: 5
[2018-07-19 00:10:00.419] [sharedprocess] [info] Scanned user extensions: 5
[2018-07-19 00:15:00.452] [sharedprocess] [info] Scanned user extensions: 5
[2018-07-19 00:20:00.477] [sharedprocess] [info] Scanned user extensions: 5
[2018-07-19 00:25:00.503] [sharedprocess] [info] Scanned user extensions: 5
[2018-07-19 00:30:00.528] [sharedprocess] [info] Scanned user extensions: 5
[2018-07-19 00:35:00.610] [sharedprocess] [info] Scanned user extensions: 5
[2018-07-19 00:40:00.637] [sharedprocess] [info] Scanned user extensions: 5
[2018-07-19 00:45:00.664] [sharedprocess] [info] Scanned user extensions: 5
[2018-07-19 00:50:00.688] [sharedprocess] [info] Scanned user extensions: 5
[2018-07-19 00:55:00.715] [sharedprocess] [info] Scanned user extensions: 5
[2018-07-19 01:00:00.744] [sharedprocess] [info] Scanned user extensions: 5
[2018-07-19 01:05:00.770] [sharedprocess] [info] Scanned user extensions: 5
[2018-07-19 01:10:00.797] [sharedprocess] [info] Scanned user extensions: 5
[2018-07-19 01:15:00.824] [sharedprocess] [info] Scanned user extensions: 5
[2018-07-19 01:20:00.846] [sharedprocess] [info] Scanned user extensions: 5
[2018-07-19 01:25:00.873] [sharedprocess] [info] Scanned user extensions: 5
[2018-07-19 01:30:00.917] [sharedprocess] [info] Scanned user extensions: 5
[2018-07-19 01:35:01.033] [sharedprocess] [info] Scanned user extensions: 5
[2018-07-19 01:40:01.057] [sharedprocess] [info] Scanned user extensions: 5
[2018-07-19 01:45:01.084] [sharedprocess] [info] Scanned user extensions: 5
[2018-07-19 01:50:01.109] [sharedprocess] [info] Scanned user extensions: 5
[2018-07-19 01:55:01.134] [sharedprocess] [info] Scanned user extensions: 5
[2018-07-19 02:00:01.162] [sharedprocess] [info] Scanned user extensions: 5
[2018-07-19 02:05:01.191] [sharedprocess] [info] Scanned user extensions: 5
[2018-07-19 02:10:01.215] [sharedprocess] [info] Scanned user extensions: 5
[2018-07-19 02:15:01.243] [sharedprocess] [info] Scanned user extensions: 5
[2018-07-19 02:20:01.268] [sharedprocess] [info] Scanned user extensions: 5
[2018-07-19 02:25:01.295] [sharedprocess] [info] Scanned user extensions: 5
[2018-07-19 02:30:01.319] [sharedprocess] [info] Scanned user extensions: 5
[2018-07-19 02:35:01.410] [sharedprocess] [info] Scanned user extensions: 5
[2018-07-19 02:40:01.435] [sharedprocess] [info] Scanned user extensions: 5
[2018-07-19 02:45:01.460] [sharedprocess] [info] Scanned user extensions: 5
[2018-07-19 02:50:01.486] [sharedprocess] [info] Scanned user extensions: 5
[2018-07-19 02:55:01.515] [sharedprocess] [info] Scanned user extensions: 5
[2018-07-19 03:00:01.540] [sharedprocess] [info] Scanned user extensions: 5
[2018-07-19 03:05:01.568] [sharedprocess] [info] Scanned user extensions: 5
[2018-07-19 03:10:01.593] [sharedprocess] [info] Scanned user extensions: 5
[2018-07-19 03:15:01.620] [sharedprocess] [info] Scanned user extensions: 5
[2018-07-19 03:20:01.647] [sharedprocess] [info] Scanned user extensions: 5
[2018-07-19 03:25:01.680] [sharedprocess] [info] Scanned user extensions: 5
[2018-07-19 03:30:01.706] [sharedprocess] [info] Scanned user extensions: 5
[2018-07-19 03:35:01.803] [sharedprocess] [info] Scanned user extensions: 5
[2018-07-19 03:40:01.826] [sharedprocess] [info] Scanned user extensions: 5
[2018-07-19 03:45:01.852] [sharedprocess] [info] Scanned user extensions: 5
[2018-07-19 03:50:01.879] [sharedprocess] [info] Scanned user extensions: 5
[2018-07-19 03:55:01.904] [sharedprocess] [info] Scanned user extensions: 5
[2018-07-19 04:00:01.928] [sharedprocess] [info] Scanned user extensions: 5
[2018-07-19 04:05:01.954] [sharedprocess] [info] Scanned user extensions: 5
[2018-07-19 04:10:01.979] [sharedprocess] [info] Scanned user extensions: 5
[2018-07-19 04:15:02.008] [sharedprocess] [info] Scanned user extensions: 5
[2018-07-19 04:20:02.032] [sharedprocess] [info] Scanned user extensions: 5
[2018-07-19 04:25:02.059] [sharedprocess] [info] Scanned user extensions: 5
[2018-07-19 04:30:02.082] [sharedprocess] [info] Scanned user extensions: 5
[2018-07-19 04:35:02.175] [sharedprocess] [info] Scanned user extensions: 5
[2018-07-19 04:40:02.203] [sharedprocess] [info] Scanned user extensions: 5
[2018-07-19 04:45:02.229] [sharedprocess] [info] Scanned user extensions: 5
[2018-07-19 04:50:02.257] [sharedprocess] [info] Scanned user extensions: 5
[2018-07-19 04:55:02.285] [sharedprocess] [info] Scanned user extensions: 5
[2018-07-19 05:00:02.311] [sharedprocess] [info] Scanned user extensions: 5
[2018-07-19 05:05:02.337] [sharedprocess] [info] Scanned user extensions: 5
[2018-07-19 05:10:02.364] [sharedprocess] [info] Scanned user extensions: 5
[2018-07-19 05:15:02.393] [sharedprocess] [info] Scanned user extensions: 5
[2018-07-19 05:20:02.420] [sharedprocess] [info] Scanned user extensions: 5
[2018-07-19 05:25:02.446] [sharedprocess] [info] Scanned user extensions: 5
[2018-07-19 05:30:02.471] [sharedprocess] [info] Scanned user extensions: 5
[2018-07-19 05:35:02.696] [sharedprocess] [info] Scanned user extensions: 5
[2018-07-19 05:40:02.724] [sharedprocess] [info] Scanned user extensions: 5
[2018-07-19 05:45:02.748] [sharedprocess] [info] Scanned user extensions: 5
[2018-07-19 05:50:02.775] [sharedprocess] [info] Scanned user extensions: 5
[2018-07-19 05:55:02.803] [sharedprocess] [info] Scanned user extensions: 5
[2018-07-19 06:00:02.835] [sharedprocess] [info] Scanned user extensions: 5
[2018-07-19 06:05:02.860] [sharedprocess] [info] Scanned user extensions: 5
[2018-07-19 06:10:02.883] [sharedprocess] [info] Scanned user extensions: 5
[2018-07-19 06:15:02.906] [sharedprocess] [info] Scanned user extensions: 5
[2018-07-19 06:20:02.929] [sharedprocess] [info] Scanned user extensions: 5
[2018-07-19 06:25:02.956] [sharedprocess] [info] Scanned user extensions: 5
[2018-07-19 06:30:02.979] [sharedprocess] [info] Scanned user extensions: 5
[2018-07-19 06:35:03.067] [sharedprocess] [info] Scanned user extensions: 5
[2018-07-19 06:40:03.093] [sharedprocess] [info] Scanned user extensions: 5
[2018-07-19 06:45:03.120] [sharedprocess] [info] Scanned user extensions: 5
[2018-07-19 06:50:03.150] [sharedprocess] [info] Scanned user extensions: 5
[2018-07-19 06:55:03.179] [sharedprocess] [info] Scanned user extensions: 5
[2018-07-19 07:00:03.208] [sharedprocess] [info] Scanned user extensions: 5
[2018-07-19 07:05:03.236] [sharedprocess] [info] Scanned user extensions: 5
[2018-07-19 07:10:03.265] [sharedprocess] [info] Scanned user extensions: 5
[2018-07-19 07:15:03.291] [sharedprocess] [info] Scanned user extensions: 5
[2018-07-19 07:20:03.318] [sharedprocess] [info] Scanned user extensions: 5
[2018-07-19 07:25:03.344] [sharedprocess] [info] Scanned user extensions: 5
[2018-07-19 07:30:03.373] [sharedprocess] [info] Scanned user extensions: 5
[2018-07-19 07:35:03.468] [sharedprocess] [info] Scanned user extensions: 5
[2018-07-19 07:40:03.496] [sharedprocess] [info] Scanned user extensions: 5
[2018-07-19 07:45:03.522] [sharedprocess] [info] Scanned user extensions: 5
[2018-07-19 07:50:03.548] [sharedprocess] [info] Scanned user extensions: 5
[2018-07-19 07:55:03.574] [sharedprocess] [info] Scanned user extensions: 5
[2018-07-19 08:00:03.604] [sharedprocess] [info] Scanned user extensions: 5
[2018-07-19 08:05:03.633] [sharedprocess] [info] Scanned user extensions: 5
[2018-07-19 08:10:03.664] [sharedprocess] [info] Scanned user extensions: 5
[2018-07-19 08:15:03.708] [sharedprocess] [info] Scanned user extensions: 5
[2018-07-19 08:20:03.739] [sharedprocess] [info] Scanned user extensions: 5
[2018-07-19 08:25:03.772] [sharedprocess] [info] Scanned user extensions: 5
[2018-07-19 08:30:03.800] [sharedprocess] [info] Scanned user extensions: 5
[2018-07-19 08:35:03.895] [sharedprocess] [info] Scanned user extensions: 5
[2018-07-19 08:40:03.921] [sharedprocess] [info] Scanned user extensions: 5
[2018-07-19 08:45:03.945] [sharedprocess] [info] Scanned user extensions: 5
[2018-07-19 08:50:03.971] [sharedprocess] [info] Scanned user extensions: 5
[2018-07-19 08:55:03.996] [sharedprocess] [info] Scanned user extensions: 5
[2018-07-19 09:00:04.024] [sharedprocess] [info] Scanned user extensions: 5
[2018-07-19 09:05:04.051] [sharedprocess] [info] Scanned user extensions: 5
[2018-07-19 09:10:04.078] [sharedprocess] [info] Scanned user extensions: 5
[2018-07-19 09:15:04.103] [sharedprocess] [info] Scanned user extensions: 5
[2018-07-19 09:20:04.130] [sharedprocess] [info] Scanned user extensions: 5
[2018-07-19 09:25:04.156] [sharedprocess] [info] Scanned user extensions: 5
[2018-07-19 09:30:04.182] [sharedprocess] [info] Scanned user extensions: 5
[2018-07-19 09:35:04.275] [sharedprocess] [info] Scanned user extensions: 5
[2018-07-19 09:40:04.296] [sharedprocess] [info] Scanned user extensions: 5
[2018-07-19 09:45:04.320] [sharedprocess] [info] Scanned user extensions: 5
[2018-07-19 09:50:04.345] [sharedprocess] [info] Scanned user extensions: 5
[2018-07-19 09:55:04.373] [sharedprocess] [info] Scanned user extensions: 5
[2018-07-19 10:00:04.403] [sharedprocess] [info] Scanned user extensions: 5
[2018-07-19 10:05:04.428] [sharedprocess] [info] Scanned user extensions: 5
[2018-07-19 10:10:04.453] [sharedprocess] [info] Scanned user extensions: 5
[2018-07-19 10:15:04.479] [sharedprocess] [info] Scanned user extensions: 5
